Release 14.2 - xst P.28xd (nt64)
Copyright (c) 1995-2012 Xilinx, Inc.  All rights reserved.
--> Parameter TMPDIR set to xst/projnav.tmp


Total REAL time to Xst completion: 0.00 secs
Total CPU time to Xst completion: 0.11 secs
 
--> Parameter xsthdpdir set to xst


Total REAL time to Xst completion: 0.00 secs
Total CPU time to Xst completion: 0.11 secs
 
--> Reading design: TOP.prj

TABLE OF CONTENTS
  1) Synthesis Options Summary
  2) HDL Parsing
  3) HDL Elaboration
  4) HDL Synthesis
       4.1) HDL Synthesis Report
  5) Advanced HDL Synthesis
       5.1) Advanced HDL Synthesis Report
  6) Low Level Synthesis
  7) Partition Report
  8) Design Summary
       8.1) Primitive and Black Box Usage
       8.2) Device utilization summary
       8.3) Partition Resource Summary
       8.4) Timing Report
            8.4.1) Clock Information
            8.4.2) Asynchronous Control Signals Information
            8.4.3) Timing Summary
            8.4.4) Timing Details
            8.4.5) Cross Clock Domains Report


=========================================================================
*                      Synthesis Options Summary                        *
=========================================================================
---- Source Parameters
Input File Name                    : "TOP.prj"
Ignore Synthesis Constraint File   : NO

---- Target Parameters
Output File Name                   : "TOP"
Output Format                      : NGC
Target Device                      : xc6slx45-3-fgg484

---- Source Options
Top Module Name                    : TOP
Automatic FSM Extraction           : YES
FSM Encoding Algorithm             : Auto
Safe Implementation                : No
FSM Style                          : LUT
RAM Extraction                     : Yes
RAM Style                          : Auto
ROM Extraction                     : Yes
Shift Register Extraction          : YES
ROM Style                          : Auto
Resource Sharing                   : YES
Asynchronous To Synchronous        : NO
Shift Register Minimum Size        : 2
Use DSP Block                      : Auto
Automatic Register Balancing       : No

---- Target Options
LUT Combining                      : Auto
Reduce Control Sets                : Auto
Add IO Buffers                     : YES
Global Maximum Fanout              : 100000
Add Generic Clock Buffer(BUFG)     : 16
Register Duplication               : YES
Optimize Instantiated Primitives   : NO
Use Clock Enable                   : Auto
Use Synchronous Set                : Auto
Use Synchronous Reset              : Auto
Pack IO Registers into IOBs        : Auto
Equivalent register Removal        : YES

---- General Options
Optimization Goal                  : Speed
Optimization Effort                : 1
Power Reduction                    : NO
Keep Hierarchy                     : No
Netlist Hierarchy                  : As_Optimized
RTL Output                         : Yes
Global Optimization                : AllClockNets
Read Cores                         : YES
Write Timing Constraints           : NO
Cross Clock Analysis               : NO
Hierarchy Separator                : /
Bus Delimiter                      : <>
Case Specifier                     : Maintain
Slice Utilization Ratio            : 100
BRAM Utilization Ratio             : 100
DSP48 Utilization Ratio            : 100
Auto BRAM Packing                  : NO
Slice Utilization Ratio Delta      : 5

=========================================================================


=========================================================================
*                          HDL Parsing                                  *
=========================================================================
Analyzing Verilog file "C:\Users\HRUSHIKESH\Desktop\proj\comm\UART_tx.v" into library work
Parsing module <UART_rs232_tx>.
Analyzing Verilog file "C:\Users\HRUSHIKESH\Desktop\proj\comm\UART_rx.v" into library work
Parsing module <UART_rs232_rx>.
Analyzing Verilog file "C:\Users\HRUSHIKESH\Desktop\proj\comm\UART_baudrate_generator.v" into library work
Parsing module <UART_BaudRate_generator>.
Analyzing Verilog file "C:\Users\HRUSHIKESH\Desktop\proj\comm\TOP.v" into library work
Parsing module <TOP>.

=========================================================================
*                            HDL Elaboration                            *
=========================================================================

Elaborating module <TOP>.

Elaborating module <UART_rs232_rx>.
WARNING:HDLCompiler:413 - "C:\Users\HRUSHIKESH\Desktop\proj\comm\UART_rx.v" Line 99: Result of 5-bit expression is truncated to fit in 4-bit target.
WARNING:HDLCompiler:413 - "C:\Users\HRUSHIKESH\Desktop\proj\comm\UART_rx.v" Line 110: Result of 6-bit expression is truncated to fit in 5-bit target.

Elaborating module <UART_rs232_tx>.
WARNING:HDLCompiler:413 - "C:\Users\HRUSHIKESH\Desktop\proj\comm\UART_tx.v" Line 107: Result of 5-bit expression is truncated to fit in 4-bit target.
WARNING:HDLCompiler:413 - "C:\Users\HRUSHIKESH\Desktop\proj\comm\UART_tx.v" Line 127: Result of 6-bit expression is truncated to fit in 5-bit target.

Elaborating module <UART_BaudRate_generator>.

=========================================================================
*                           HDL Synthesis                               *
=========================================================================

Synthesizing Unit <TOP>.
    Related source file is "C:\Users\HRUSHIKESH\Desktop\proj\comm\TOP.v".
    Summary:
	no macro.
Unit <TOP> synthesized.

Synthesizing Unit <UART_rs232_rx>.
    Related source file is "C:\Users\HRUSHIKESH\Desktop\proj\comm\UART_rx.v".
        IDLE = 1'b0
        READ = 1'b1
    Found 2-bit register for signal <State>.
    Found 1-bit register for signal <RxDone>.
    Found 4-bit register for signal <counter>.
    Found 1-bit register for signal <start_bit>.
    Found 5-bit register for signal <Bit>.
    Found 8-bit register for signal <Read_data>.
    Found 8-bit register for signal <RxData>.
    Found finite state machine <FSM_0> for signal <State>.
    -----------------------------------------------------------------------
    | States             | 2                                              |
    | Transitions        | 4                                              |
    | Inputs             | 3                                              |
    | Outputs            | 2                                              |
    | Clock              | Clk (rising_edge)                              |
    | Reset              | Rst_n (negative)                               |
    | Reset type         | asynchronous                                   |
    | Reset State        | 00                                             |
    | Encoding           | auto                                           |
    | Implementation     | LUT                                            |
    -----------------------------------------------------------------------
    Found 4-bit adder for signal <counter[3]_GND_2_o_add_13_OUT> created at line 99.
    Found 5-bit adder for signal <Bit[4]_GND_2_o_add_18_OUT> created at line 110.
WARNING:Xst:737 - Found 1-bit latch for signal <read_enable>. Latches may be generated from incomplete case or if statements. We do not recommend the use of latches in FPGA/CPLD designs, as they may lead to timing problems.
    Found 5-bit comparator greater for signal <Bit[4]_GND_2_o_LessThan_18_o> created at line 108
    Summary:
	inferred   2 Adder/Subtractor(s).
	inferred  27 D-type flip-flop(s).
	inferred   1 Latch(s).
	inferred   1 Comparator(s).
	inferred   1 Multiplexer(s).
	inferred   1 Finite State Machine(s).
Unit <UART_rs232_rx> synthesized.

Synthesizing Unit <UART_rs232_tx>.
    Related source file is "C:\Users\HRUSHIKESH\Desktop\proj\comm\UART_tx.v".
        IDLE = 1'b0
        WRITE = 1'b1
    Found 1-bit register for signal <State>.
    Found 2-bit register for signal <R_edge>.
    Found 1-bit register for signal <TxDone>.
    Found 1-bit register for signal <start_bit>.
    Found 1-bit register for signal <stop_bit>.
    Found 4-bit register for signal <counter>.
    Found 1-bit register for signal <Tx>.
    Found 8-bit register for signal <in_data>.
    Found 5-bit register for signal <Bit>.
    Found 4-bit adder for signal <counter[3]_GND_4_o_add_1_OUT> created at line 107.
    Found 5-bit adder for signal <Bit[4]_GND_4_o_add_8_OUT> created at line 127.
    Found 32-bit comparator greater for signal <GND_4_o_GND_4_o_LessThan_8_o> created at line 124
    Summary:
	inferred   2 Adder/Subtractor(s).
	inferred  24 D-type flip-flop(s).
	inferred   1 Comparator(s).
	inferred   4 Multiplexer(s).
Unit <UART_rs232_tx> synthesized.

Synthesizing Unit <UART_BaudRate_generator>.
    Related source file is "C:\Users\HRUSHIKESH\Desktop\proj\comm\UART_baudrate_generator.v".
    Found 16-bit register for signal <baudRateReg>.
    Found 16-bit adder for signal <baudRateReg[15]_GND_5_o_add_0_OUT> created at line 29.
    Summary:
	inferred   1 Adder/Subtractor(s).
	inferred  16 D-type flip-flop(s).
	inferred   1 Multiplexer(s).
Unit <UART_BaudRate_generator> synthesized.

=========================================================================
HDL Synthesis Report

Macro Statistics
# Adders/Subtractors                                   : 5
 16-bit adder                                          : 1
 4-bit adder                                           : 2
 5-bit adder                                           : 2
# Registers                                            : 16
 1-bit register                                        : 7
 16-bit register                                       : 1
 2-bit register                                        : 1
 4-bit register                                        : 2
 5-bit register                                        : 2
 8-bit register                                        : 3
# Latches                                              : 1
 1-bit latch                                           : 1
# Comparators                                          : 2
 32-bit comparator greater                             : 1
 5-bit comparator greater                              : 1
# Multiplexers                                         : 6
 1-bit 2-to-1 multiplexer                              : 1
 16-bit 2-to-1 multiplexer                             : 1
 4-bit 2-to-1 multiplexer                              : 2
 8-bit 2-to-1 multiplexer                              : 2
# FSMs                                                 : 1

=========================================================================

=========================================================================
*                       Advanced HDL Synthesis                          *
=========================================================================


Synthesizing (advanced) Unit <UART_rs232_rx>.
The following registers are absorbed into counter <Bit>: 1 register on signal <Bit>.
The following registers are absorbed into counter <counter>: 1 register on signal <counter>.
Unit <UART_rs232_rx> synthesized (advanced).

Synthesizing (advanced) Unit <UART_rs232_tx>.
The following registers are absorbed into counter <Bit>: 1 register on signal <Bit>.
The following registers are absorbed into counter <counter>: 1 register on signal <counter>.
Unit <UART_rs232_tx> synthesized (advanced).

=========================================================================
Advanced HDL Synthesis Report

Macro Statistics
# Adders/Subtractors                                   : 1
 16-bit adder                                          : 1
# Counters                                             : 4
 4-bit up counter                                      : 2
 5-bit up counter                                      : 2
# Registers                                            : 49
 Flip-Flops                                            : 49
# Comparators                                          : 2
 32-bit comparator greater                             : 1
 5-bit comparator greater                              : 1
# Multiplexers                                         : 17
 1-bit 2-to-1 multiplexer                              : 16
 16-bit 2-to-1 multiplexer                             : 1
# FSMs                                                 : 1

=========================================================================

=========================================================================
*                         Low Level Synthesis                           *
=========================================================================
Analyzing FSM <MFsm> for best encoding.
Optimizing FSM <I_RS232RX/FSM_0> on signal <State[1:1]> with sequential encoding.
-------------------
 State | Encoding
-------------------
 00    | 0
 01    | 1
-------------------
WARNING:Xst:1294 - Latch <read_enable> is equivalent to a wire in block <UART_rs232_rx>.

Optimizing unit <TOP> ...

Optimizing unit <UART_rs232_tx> ...

Optimizing unit <UART_rs232_rx> ...

Optimizing unit <UART_BaudRate_generator> ...
WARNING:Xst:1293 - FF/Latch <I_RS232TX/Bit_4> has a constant value of 0 in block <TOP>. This FF/Latch will be trimmed during the optimization process.
WARNING:Xst:1293 - FF/Latch <I_RS232TX/Bit_3> has a constant value of 0 in block <TOP>. This FF/Latch will be trimmed during the optimization process.
WARNING:Xst:1293 - FF/Latch <I_RS232RX/Bit_4> has a constant value of 0 in block <TOP>. This FF/Latch will be trimmed during the optimization process.
WARNING:Xst:1896 - Due to other FF/Latch trimming, FF/Latch <I_BAUDGEN/baudRateReg_15> has a constant value of 0 in block <TOP>. This FF/Latch will be trimmed during the optimization process.
WARNING:Xst:1896 - Due to other FF/Latch trimming, FF/Latch <I_BAUDGEN/baudRateReg_14> has a constant value of 0 in block <TOP>. This FF/Latch will be trimmed during the optimization process.
WARNING:Xst:1896 - Due to other FF/Latch trimming, FF/Latch <I_BAUDGEN/baudRateReg_13> has a constant value of 0 in block <TOP>. This FF/Latch will be trimmed during the optimization process.
WARNING:Xst:1896 - Due to other FF/Latch trimming, FF/Latch <I_BAUDGEN/baudRateReg_12> has a constant value of 0 in block <TOP>. This FF/Latch will be trimmed during the optimization process.
WARNING:Xst:1896 - Due to other FF/Latch trimming, FF/Latch <I_BAUDGEN/baudRateReg_11> has a constant value of 0 in block <TOP>. This FF/Latch will be trimmed during the optimization process.
WARNING:Xst:1896 - Due to other FF/Latch trimming, FF/Latch <I_BAUDGEN/baudRateReg_10> has a constant value of 0 in block <TOP>. This FF/Latch will be trimmed during the optimization process.
WARNING:Xst:1896 - Due to other FF/Latch trimming, FF/Latch <I_BAUDGEN/baudRateReg_9> has a constant value of 0 in block <TOP>. This FF/Latch will be trimmed during the optimization process.

Mapping all equations...
Building and optimizing final netlist ...
Found area constraint ratio of 100 (+ 5) on block TOP, actual ratio is 0.

Final Macro Processing ...

=========================================================================
Final Register Report

Macro Statistics
# Registers                                            : 58
 Flip-Flops                                            : 58

=========================================================================

=========================================================================
*                           Partition Report                            *
=========================================================================

Partition Implementation Status
-------------------------------

  No Partitions were found in this design.

-------------------------------

=========================================================================
*                            Design Summary                             *
=========================================================================

Top Level Output File Name         : TOP.ngc

Primitive and Black Box Usage:
------------------------------
# BELS                             : 106
#      GND                         : 1
#      INV                         : 3
#      LUT1                        : 8
#      LUT2                        : 4
#      LUT3                        : 12
#      LUT4                        : 14
#      LUT5                        : 9
#      LUT6                        : 35
#      MUXCY                       : 8
#      MUXF7                       : 2
#      VCC                         : 1
#      XORCY                       : 9
# FlipFlops/Latches                : 58
#      FD                          : 25
#      FD_1                        : 8
#      FDC                         : 12
#      FDE                         : 8
#      FDP                         : 1
#      FDRE                        : 4
# Clock Buffers                    : 2
#      BUFG                        : 1
#      BUFGP                       : 1
# IO Buffers                       : 22
#      IBUF                        : 11
#      OBUF                        : 11

Device utilization summary:
---------------------------

Selected Device : 6slx45fgg484-3 


Slice Logic Utilization: 
 Number of Slice Registers:              50  out of  54576     0%  
 Number of Slice LUTs:                   85  out of  27288     0%  
    Number used as Logic:                85  out of  27288     0%  

Slice Logic Distribution: 
 Number of LUT Flip Flop pairs used:     93
   Number with an unused Flip Flop:      43  out of     93    46%  
   Number with an unused LUT:             8  out of     93     8%  
   Number of fully used LUT-FF pairs:    42  out of     93    45%  
   Number of unique control sets:         5

IO Utilization: 
 Number of IOs:                          23
 Number of bonded IOBs:                  23  out of    316     7%  
    IOB Flip Flops/Latches:               8

Specific Feature Utilization:
 Number of BUFG/BUFGCTRLs:                2  out of     16    12%  

---------------------------
Partition Resource Summary:
---------------------------

  No Partitions were found in this design.

---------------------------


=========================================================================
Timing Report

NOTE: THESE TIMING NUMBERS ARE ONLY A SYNTHESIS ESTIMATE.
      FOR ACCURATE TIMING INFORMATION PLEASE REFER TO THE TRACE REPORT
      GENERATED AFTER PLACE-and-ROUTE.

Clock Information:
------------------
-----------------------------------+-------------------------+-------+
Clock Signal                       | Clock buffer(FF name)   | Load  |
-----------------------------------+-------------------------+-------+
Clk                                | BUFGP                   | 13    |
tick(I_BAUDGEN/Tick<15>:O)         | BUFG(*)(I_RS232RX/Bit_3)| 37    |
I_RS232RX/RxDone                   | NONE(I_RS232RX/RxData_7)| 8     |
-----------------------------------+-------------------------+-------+
(*) This 1 clock signal(s) are generated by combinatorial logic,
and XST is not able to identify which are the primary clock signals.
Please use the CLOCK_SIGNAL constraint to specify the clock signal(s) generated by combinatorial logic.
INFO:Xst:2169 - HDL ADVISOR - Some clock signals were not automatically buffered by XST with BUFG/BUFR resources. Please use the buffer_type constraint in order to insert these buffers to the clock signals to help prevent skew problems.

Asynchronous Control Signals Information:
----------------------------------------
No asynchronous control signals found in this design

Timing Summary:
---------------
Speed Grade: -3

   Minimum period: 3.898ns (Maximum Frequency: 256.525MHz)
   Minimum input arrival time before clock: 4.287ns
   Maximum output required time after clock: 3.900ns
   Maximum combinational path delay: No path found

Timing Details:
---------------
All values displayed in nanoseconds (ns)

=========================================================================
Timing constraint: Default period analysis for Clock 'Clk'
  Clock period: 3.040ns (frequency: 328.926MHz)
  Total number of paths / destination ports: 131 / 12
-------------------------------------------------------------------------
Delay:               3.040ns (Levels of Logic = 2)
  Source:            I_BAUDGEN/baudRateReg_4 (FF)
  Destination:       I_BAUDGEN/baudRateReg_0 (FF)
  Source Clock:      Clk rising
  Destination Clock: Clk rising

  Data Path: I_BAUDGEN/baudRateReg_4 to I_BAUDGEN/baudRateReg_0
                                Gate     Net
    Cell:in->out      fanout   Delay   Delay  Logical Name (Net Name)
    ----------------------------------------  ------------
     FDC:C->Q              2   0.447   0.864  I_BAUDGEN/baudRateReg_4 (I_BAUDGEN/baudRateReg_4)
     LUT4:I0->O           10   0.203   1.221  I_BAUDGEN/Tick<15>_SW0 (N4)
     LUT6:I0->O            1   0.203   0.000  I_BAUDGEN/Mmux_baudRateReg[15]_GND_5_o_mux_1_OUT16 (I_BAUDGEN/baudRateReg[15]_GND_5_o_mux_1_OUT<0>)
     FDP:D                     0.102          I_BAUDGEN/baudRateReg_0
    ----------------------------------------
    Total                      3.040ns (0.955ns logic, 2.085ns route)
                                       (31.4% logic, 68.6% route)

=========================================================================
Timing constraint: Default period analysis for Clock 'tick'
  Clock period: 3.898ns (frequency: 256.525MHz)
  Total number of paths / destination ports: 530 / 52
-------------------------------------------------------------------------
Delay:               3.898ns (Levels of Logic = 3)
  Source:            I_RS232TX/counter_2 (FF)
  Destination:       I_RS232TX/Tx (FF)
  Source Clock:      tick rising
  Destination Clock: tick rising

  Data Path: I_RS232TX/counter_2 to I_RS232TX/Tx
                                Gate     Net
    Cell:in->out      fanout   Delay   Delay  Logical Name (Net Name)
    ----------------------------------------  ------------
     FD:C->Q               6   0.447   0.973  I_RS232TX/counter_2 (I_RS232TX/counter_2)
     LUT3:I0->O            9   0.205   0.830  I_RS232TX/Mcount_counter_xor<3>111 (I_RS232TX/Mcount_counter_xor<3>11)
     LUT6:I5->O            9   0.205   0.934  I_RS232TX/counter[3]_GND_4_o_AND_13_o2 (I_RS232TX/counter[3]_GND_4_o_AND_13_o)
     LUT6:I4->O            1   0.203   0.000  I_RS232TX/Tx_glue_rst (I_RS232TX/Tx_glue_rst)
     FD:D                      0.102          I_RS232TX/Tx
    ----------------------------------------
    Total                      3.898ns (1.162ns logic, 2.736ns route)
                                       (29.8% logic, 70.2% route)

=========================================================================
Timing constraint: Default OFFSET IN BEFORE for Clock 'Clk'
  Total number of paths / destination ports: 15 / 15
-------------------------------------------------------------------------
Offset:              3.369ns (Levels of Logic = 2)
  Source:            Rst_n (PAD)
  Destination:       I_RS232TX/State (FF)
  Destination Clock: Clk rising

  Data Path: Rst_n to I_RS232TX/State
                                Gate     Net
    Cell:in->out      fanout   Delay   Delay  Logical Name (Net Name)
    ----------------------------------------  ------------
     IBUF:I->O             1   1.222   0.579  Rst_n_IBUF (Rst_n_IBUF)
     INV:I->O             13   0.206   0.932  I_RS232TX/Rst_n_inv1_INV_0 (I_BAUDGEN/Rst_n_inv)
     FDP:PRE                   0.430          I_BAUDGEN/baudRateReg_0
    ----------------------------------------
    Total                      3.369ns (1.858ns logic, 1.511ns route)
                                       (55.1% logic, 44.9% route)

=========================================================================
Timing constraint: Default OFFSET IN BEFORE for Clock 'tick'
  Total number of paths / destination ports: 19 / 19
-------------------------------------------------------------------------
Offset:              4.287ns (Levels of Logic = 4)
  Source:            Rx (PAD)
  Destination:       I_RS232RX/counter_3 (FF)
  Destination Clock: tick rising

  Data Path: Rx to I_RS232RX/counter_3
                                Gate     Net
    Cell:in->out      fanout   Delay   Delay  Logical Name (Net Name)
    ----------------------------------------  ------------
     IBUF:I->O             4   1.222   0.788  Rx_IBUF (Rx_IBUF)
     LUT2:I0->O            3   0.203   0.879  I_RS232RX/Mcount_counter_val2_SW0 (N2)
     LUT6:I3->O            4   0.205   0.684  I_RS232RX/Mcount_counter_val11 (I_RS232RX/Mcount_counter_val)
     LUT4:I3->O            1   0.205   0.000  I_RS232RX/counter_3_rstpot (I_RS232RX/counter_3_rstpot)
     FD:D                      0.102          I_RS232RX/counter_3
    ----------------------------------------
    Total                      4.287ns (1.937ns logic, 2.350ns route)
                                       (45.2% logic, 54.8% route)

=========================================================================
Timing constraint: Default OFFSET OUT AFTER for Clock 'I_RS232RX/RxDone'
  Total number of paths / destination ports: 8 / 8
-------------------------------------------------------------------------
Offset:              3.597ns (Levels of Logic = 1)
  Source:            I_RS232RX/RxData_7 (FF)
  Destination:       RxData<7> (PAD)
  Source Clock:      I_RS232RX/RxDone falling

  Data Path: I_RS232RX/RxData_7 to RxData<7>
                                Gate     Net
    Cell:in->out      fanout   Delay   Delay  Logical Name (Net Name)
    ----------------------------------------  ------------
     FD_1:C->Q             1   0.447   0.579  I_RS232RX/RxData_7 (I_RS232RX/RxData_7)
     OBUF:I->O                 2.571          RxData_7_OBUF (RxData<7>)
    ----------------------------------------
    Total                      3.597ns (3.018ns logic, 0.579ns route)
                                       (83.9% logic, 16.1% route)

=========================================================================
Timing constraint: Default OFFSET OUT AFTER for Clock 'tick'
  Total number of paths / destination ports: 3 / 3
-------------------------------------------------------------------------
Offset:              3.900ns (Levels of Logic = 1)
  Source:            I_RS232RX/RxDone (FF)
  Destination:       RxDone (PAD)
  Source Clock:      tick rising

  Data Path: I_RS232RX/RxDone to RxDone
                                Gate     Net
    Cell:in->out      fanout   Delay   Delay  Logical Name (Net Name)
    ----------------------------------------  ------------
     FD:C->Q              11   0.447   0.882  I_RS232RX/RxDone (I_RS232RX/RxDone)
     OBUF:I->O                 2.571          RxDone_OBUF (RxDone)
    ----------------------------------------
    Total                      3.900ns (3.018ns logic, 0.882ns route)
                                       (77.4% logic, 22.6% route)

=========================================================================

Cross Clock Domains Report:
--------------------------

Clock to Setup on destination clock Clk
---------------+---------+---------+---------+---------+
               | Src:Rise| Src:Fall| Src:Rise| Src:Fall|
Source Clock   |Dest:Rise|Dest:Rise|Dest:Fall|Dest:Fall|
---------------+---------+---------+---------+---------+
Clk            |    3.040|         |         |         |
tick           |    1.637|         |         |         |
---------------+---------+---------+---------+---------+

Clock to Setup on destination clock I_RS232RX/RxDone
---------------+---------+---------+---------+---------+
               | Src:Rise| Src:Fall| Src:Rise| Src:Fall|
Source Clock   |Dest:Rise|Dest:Rise|Dest:Fall|Dest:Fall|
---------------+---------+---------+---------+---------+
tick           |         |         |    1.165|         |
---------------+---------+---------+---------+---------+

Clock to Setup on destination clock tick
---------------+---------+---------+---------+---------+
               | Src:Rise| Src:Fall| Src:Rise| Src:Fall|
Source Clock   |Dest:Rise|Dest:Rise|Dest:Fall|Dest:Fall|
---------------+---------+---------+---------+---------+
Clk            |    3.715|         |         |         |
tick           |    3.898|         |         |         |
---------------+---------+---------+---------+---------+

=========================================================================


Total REAL time to Xst completion: 6.00 secs
Total CPU time to Xst completion: 6.09 secs
 
--> 

Total memory usage is 4519020 kilobytes

Number of errors   :    0 (   0 filtered)
Number of warnings :   16 (   0 filtered)
Number of infos    :    1 (   0 filtered)

