--------------------------------------------------------------------------------
Release 14.2 Trace  (nt64)
Copyright (c) 1995-2012 Xilinx, Inc.  All rights reserved.

C:\Xilinx\14.2\ISE_DS\ISE\bin\nt64\unwrapped\trce.exe -intstyle ise -v 3 -s 2
-n 3 -fastpaths -xml GPIO_demo.twx GPIO_demo.ncd -o GPIO_demo.twr GPIO_demo.pcf
-ucf pins.ucf

Design file:              GPIO_demo.ncd
Physical constraint file: GPIO_demo.pcf
Device,package,speed:     xc6slx45,csg324,C,-2 (PRODUCTION 1.22 2012-07-09)
Report level:             verbose report

Environment Variable      Effect 
--------------------      ------ 
NONE                      No environment variables were set
--------------------------------------------------------------------------------

INFO:Timing:2698 - No timing constraints found, doing default enumeration.
INFO:Timing:3412 - To improve timing, see the Timing Closure User Guide (UG612).
INFO:Timing:2752 - To get complete path coverage, use the unconstrained paths 
   option. All paths that are not constrained will be reported in the 
   unconstrained paths section(s) of the report.
INFO:Timing:3339 - The clock-to-out numbers in this timing report are based on 
   a 50 Ohm transmission line loading model.  For the details of this model, 
   and for more information on accounting for different loading conditions, 
   please see the device datasheet.



Data Sheet report:
-----------------
All values displayed in nanoseconds (ns)

Setup/Hold to clock CLK
------------+------------+------------+------------+------------+------------------+--------+
            |Max Setup to|  Process   |Max Hold to |  Process   |                  | Clock  |
Source      | clk (edge) |   Corner   | clk (edge) |   Corner   |Internal Clock(s) | Phase  |
------------+------------+------------+------------+------------+------------------+--------+
BTN<0>      |    2.765(R)|      SLOW  |   -0.761(R)|      SLOW  |CLK_BUFGP         |   0.000|
BTN<1>      |    3.869(R)|      SLOW  |   -1.527(R)|      FAST  |CLK_BUFGP         |   0.000|
BTN<2>      |    3.007(R)|      SLOW  |   -0.989(R)|      SLOW  |CLK_BUFGP         |   0.000|
BTN<3>      |    4.123(R)|      SLOW  |   -1.885(R)|      FAST  |CLK_BUFGP         |   0.000|
BTN<4>      |    5.341(R)|      SLOW  |   -2.399(R)|      FAST  |CLK_BUFGP         |   0.000|
------------+------------+------------+------------+------------+------------------+--------+

Clock CLK to Pad
------------+-----------------+------------+-----------------+------------+------------------+--------+
            |Max (slowest) clk|  Process   |Min (fastest) clk|  Process   |                  | Clock  |
Destination |  (edge) to PAD  |   Corner   |  (edge) to PAD  |   Corner   |Internal Clock(s) | Phase  |
------------+-----------------+------------+-----------------+------------+------------------+--------+
UART_TXD    |        11.912(R)|      SLOW  |         5.325(R)|      FAST  |CLK_BUFGP         |   0.000|
------------+-----------------+------------+-----------------+------------+------------------+--------+

Clock to Setup on destination clock CLK
---------------+---------+---------+---------+---------+
               | Src:Rise| Src:Fall| Src:Rise| Src:Fall|
Source Clock   |Dest:Rise|Dest:Rise|Dest:Fall|Dest:Fall|
---------------+---------+---------+---------+---------+
CLK            |    4.699|         |         |         |
---------------+---------+---------+---------+---------+

Pad to Pad
---------------+---------------+---------+
Source Pad     |Destination Pad|  Delay  |
---------------+---------------+---------+
BTN<4>         |LED<0>         |   14.999|
BTN<4>         |LED<1>         |   14.819|
BTN<4>         |LED<2>         |   15.163|
BTN<4>         |LED<3>         |   15.339|
BTN<4>         |LED<4>         |   15.119|
BTN<4>         |LED<5>         |   20.563|
BTN<4>         |LED<6>         |   16.993|
BTN<4>         |LED<7>         |   16.248|
SW<0>          |LED<0>         |   15.474|
SW<1>          |LED<1>         |   13.511|
SW<2>          |LED<2>         |   13.717|
SW<3>          |LED<3>         |   10.966|
SW<4>          |LED<4>         |   13.005|
SW<5>          |LED<5>         |   18.137|
SW<6>          |LED<6>         |   13.042|
SW<7>          |LED<7>         |   16.490|
---------------+---------------+---------+


Analysis completed Wed Feb 06 15:45:30 2019 
--------------------------------------------------------------------------------

Trace Settings:
-------------------------
Trace Settings 

Peak Memory Usage: 4627 MB



