Running: C:\Xilinx\14.2\ISE_DS\ISE\bin\nt64\unwrapped\fuse.exe -intstyle ise -incremental -lib unisims_ver -lib unimacro_ver -lib xilinxcorelib_ver -lib secureip -o C:/Users/HRUSHIKESH/Desktop/proj/sortAddr_32To8_uart2/top_tb_isim_beh.exe -prj C:/Users/HRUSHIKESH/Desktop/proj/sortAddr_32To8_uart2/top_tb_beh.prj work.top_tb work.glbl 
ISim P.28xd (signature 0xa0883be4)
Number of CPUs detected in this system: 4
Turning on mult-threading, number of parallel sub-compilation jobs: 8 
Determining compilation order of HDL files
Analyzing Verilog file "C:/Users/HRUSHIKESH/Desktop/proj/sortAddr_32To8_uart2/UART_tx.v" into library work
Analyzing Verilog file "C:/Users/HRUSHIKESH/Desktop/proj/sortAddr_32To8_uart2/UART_rx.v" into library work
Analyzing Verilog file "C:/Users/HRUSHIKESH/Desktop/proj/sortAddr_32To8_uart2/UART_baudrate_generator.v" into library work
Analyzing Verilog file "C:/Users/HRUSHIKESH/Desktop/proj/sortAddr_32To8_uart2/sort_address.v" into library work
Analyzing Verilog file "C:/Users/HRUSHIKESH/Desktop/proj/sortAddr_32To8_uart2/conv8and32.v" into library work
Analyzing Verilog file "C:/Users/HRUSHIKESH/Desktop/proj/sortAddr_32To8_uart2/TOP.v" into library work
Analyzing Verilog file "C:/Users/HRUSHIKESH/Desktop/proj/sortAddr_32To8_uart2/top_tb.v" into library work
Analyzing Verilog file "C:/Xilinx/14.2/ISE_DS/ISE//verilog/src/glbl.v" into library work
Starting static elaboration
Completed static elaboration
Compiling module UART_rs232_rx
Compiling module UART_rs232_tx
Compiling module UART_BaudRate_generator
Compiling module data8and32
Compiling module address_multiplexer
Compiling module TOP
Compiling module top_tb
Compiling module glbl
Time Resolution for simulation is 1ps.
Waiting for 1 sub-compilation(s) to finish...
Compiled 8 Verilog Units
Built simulation executable C:/Users/HRUSHIKESH/Desktop/proj/sortAddr_32To8_uart2/top_tb_isim_beh.exe
Fuse Memory Usage: 27896 KB
Fuse CPU Usage: 421 ms
