--------------------------------------------------------------------------------
Release 14.2 Trace  (nt64)
Copyright (c) 1995-2012 Xilinx, Inc.  All rights reserved.

C:\Xilinx\14.2\ISE_DS\ISE\bin\nt64\unwrapped\trce.exe -intstyle ise -v 3 -s 3
-n 3 -fastpaths -xml counterdisplay.twx counterdisplay.ncd -o
counterdisplay.twr counterdisplay.pcf -ucf counterdisplay.ucf

Design file:              counterdisplay.ncd
Physical constraint file: counterdisplay.pcf
Device,package,speed:     xc6slx45,csg324,C,-3 (PRODUCTION 1.22 2012-07-09)
Report level:             verbose report

Environment Variable      Effect 
--------------------      ------ 
NONE                      No environment variables were set
--------------------------------------------------------------------------------

INFO:Timing:2698 - No timing constraints found, doing default enumeration.
INFO:Timing:3412 - To improve timing, see the Timing Closure User Guide (UG612).
INFO:Timing:2752 - To get complete path coverage, use the unconstrained paths 
   option. All paths that are not constrained will be reported in the 
   unconstrained paths section(s) of the report.
INFO:Timing:3339 - The clock-to-out numbers in this timing report are based on 
   a 50 Ohm transmission line loading model.  For the details of this model, 
   and for more information on accounting for different loading conditions, 
   please see the device datasheet.



Data Sheet report:
-----------------
All values displayed in nanoseconds (ns)

Setup/Hold to clock clk
------------+------------+------------+------------+------------+------------------+--------+
            |Max Setup to|  Process   |Max Hold to |  Process   |                  | Clock  |
Source      | clk (edge) |   Corner   | clk (edge) |   Corner   |Internal Clock(s) | Phase  |
------------+------------+------------+------------+------------+------------------+--------+
button_in   |    4.120(R)|      SLOW  |   -2.775(R)|      FAST  |clk_BUFGP         |   0.000|
n_reset     |    4.075(R)|      SLOW  |   -2.143(R)|      FAST  |clk_BUFGP         |   0.000|
------------+------------+------------+------------+------------+------------------+--------+

Clock clk to Pad
------------+-----------------+------------+-----------------+------------+------------------+--------+
            |Max (slowest) clk|  Process   |Min (fastest) clk|  Process   |                  | Clock  |
Destination |  (edge) to PAD  |   Corner   |  (edge) to PAD  |   Corner   |Internal Clock(s) | Phase  |
------------+-----------------+------------+-----------------+------------+------------------+--------+
leda        |        10.685(R)|      SLOW  |         5.728(R)|      FAST  |clk_BUFGP         |   0.000|
ledb        |        10.586(R)|      SLOW  |         5.502(R)|      FAST  |clk_BUFGP         |   0.000|
ledc        |        14.894(R)|      SLOW  |         8.265(R)|      FAST  |clk_BUFGP         |   0.000|
ledd        |         9.377(R)|      SLOW  |         4.926(R)|      FAST  |clk_BUFGP         |   0.000|
lede        |         9.134(R)|      SLOW  |         4.729(R)|      FAST  |clk_BUFGP         |   0.000|
ledf        |         9.818(R)|      SLOW  |         5.070(R)|      FAST  |clk_BUFGP         |   0.000|
ledg        |         8.904(R)|      SLOW  |         4.594(R)|      FAST  |clk_BUFGP         |   0.000|
------------+-----------------+------------+-----------------+------------+------------------+--------+

Clock to Setup on destination clock clk
---------------+---------+---------+---------+---------+
               | Src:Rise| Src:Fall| Src:Rise| Src:Fall|
Source Clock   |Dest:Rise|Dest:Rise|Dest:Fall|Dest:Fall|
---------------+---------+---------+---------+---------+
clk            |    2.320|         |         |         |
---------------+---------+---------+---------+---------+


Analysis completed Fri Feb 01 13:21:29 2019 
--------------------------------------------------------------------------------

Trace Settings:
-------------------------
Trace Settings 

Peak Memory Usage: 4626 MB



